CORLEC_TXT_FINAL//ADM/CADM035A-corregido.txt
un                   DT        1
lo                   PRP       1
andar                VB        1
encuentro            NN        1
disponible           JJ        1
nunca                RB        1
toda                 DT        1
parecer              VB        1
mes                  NN        1
setiembre            NN        1
porque               IN        1
septiembre           NN        1
muchas               DT        1
puedemos             NN        1
apremiado            JJ        1
viaje                NN        1
risa                 NN        1
certificado          NNP       1
certificado          NNS       1
quitarle             NN        1
valdría              NN        1
grabación            NN        1
archivo              NN        1
cursar               VB        1
matrícula            NN        1
segovia              NNP       1
gracias              IN        1
cuatro               CD        1
facultad             NNP       1
estar                MD        1
bueno                NNP       1
valer                VB        1
numeroso             JJ        1
pedir                VB        1
encima               IN        1
de                   NN        1
localización         NN        1
fotocopia            NN        1
ese                  DT        1
carnets              NN        1
aquí                 RB        1
fuente               NN        1
sí                   RB        1
centro               NN        1
junio                NN        1
posiblemente         RB        1
desde                IN        1
haber                VB        1
har                  MD        1
traer                VB        1
ellos                PRP       1
provincial           NNP       1
se                   PRP       1
caducar              VBN       1
otros                DT        1
decir                VB        1
colgar               VBN       1
familia              NN        1
pasado               NN        1
cual                 WP$       1
apretados            NN        1
ver                  VB        1
solicitud            NN        1
ir                   VBN       1
andan                NN        1
funcionario          NN        1
ahora                RB        1
terminar             VB        1
fotografía           NN        1
momento              NN        1
qué                  WP$       1
parte                NN        1
las                  PRP       1
documentación        NN        1
donde                WP$       1
único                JJ        1
delegación           NNP       1
estudio              NNS       1
esto                 DT        1
pues                 IN        1
término              NNS       1
quedar               VB        1
cualquiera           DT        1
conversación         NN        1
fecha                NN        1
cayetano             NNP       1
puesto               NN        1
con                  IN        2
excepcional          JJ        2
certificar           VBN       2
caso                 NN        2
año                  NNS       2
estas                DT        2
eh                   NNP       2
renovación           NN        2
varón                NN        2
este                 DT        2
no                   RB        2
luego                RB        2
fecha                NNS       2
sí                   PRP       2
año                  NN        2
admitir              VB        2
sin                  IN        2
hacer                VB        2
problema             NN        2
usted                PRP       2
o                    CC        2
curso                NN        3
me                   PRP       3
muy                  RB        3
poder                VB        3
eh                   NN        3
como                 IN        3
fin                  NN        3
y                    CC        3
que                  IN        3
bien                 RB        4
del                  NN        4
silencio             NN        4
si                   IN        4
tener                VB        4
más                  RB        4
a                    IN        4
fácil                JJ        4
matrícula            NNS       5
pero                 CC        5
en                   IN        5
ya                   RB        5
ininteligible        JJ        6
lo                   DT        6
turno                NNS       6
solapamiento         NN        6
ir                   VB        7
le                   PRP       8
ser                  VB       11
que                  WP$      12
de                   IN       18
el                   DT       22
